{"C:\\Users\\varsh\\OneDrive\\Desktop\\AWS\\GitHub\\Learning\\devops-end-to-end-project\\app\\app.js": {"path":"C:\\Users\\varsh\\OneDrive\\Desktop\\AWS\\GitHub\\Learning\\devops-end-to-end-project\\app\\app.js","statementMap":{"0":{"start":{"line":3,"column":16},"end":{"line":3,"column":34}},"1":{"start":{"line":5,"column":12},"end":{"line":5,"column":21}},"2":{"start":{"line":6,"column":13},"end":{"line":6,"column":37}},"3":{"start":{"line":7,"column":16},"end":{"line":7,"column":50}},"4":{"start":{"line":8,"column":12},"end":{"line":8,"column":49}},"5":{"start":{"line":10,"column":0},"end":{"line":10,"column":24}},"6":{"start":{"line":15,"column":0},"end":{"line":21,"column":3}},"7":{"start":{"line":16,"column":2},"end":{"line":20,"column":5}},"8":{"start":{"line":24,"column":0},"end":{"line":30,"column":3}},"9":{"start":{"line":25,"column":2},"end":{"line":29,"column":5}},"10":{"start":{"line":33,"column":0},"end":{"line":38,"column":3}},"11":{"start":{"line":34,"column":2},"end":{"line":37,"column":5}},"12":{"start":{"line":41,"column":0},"end":{"line":50,"column":3}},"13":{"start":{"line":42,"column":2},"end":{"line":49,"column":5}},"14":{"start":{"line":53,"column":0},"end":{"line":55,"column":3}},"15":{"start":{"line":54,"column":2},"end":{"line":54,"column":69}},"16":{"start":{"line":58,"column":0},"end":{"line":64,"column":1}},"17":{"start":{"line":59,"column":2},"end":{"line":63,"column":5}},"18":{"start":{"line":60,"column":4},"end":{"line":60,"column":50}},"19":{"start":{"line":61,"column":4},"end":{"line":61,"column":39}},"20":{"start":{"line":62,"column":4},"end":{"line":62,"column":43}},"21":{"start":{"line":66,"column":0},"end":{"line":66,"column":21}}},"fnMap":{"0":{"name":"(anonymous_0)","decl":{"start":{"line":15,"column":13},"end":{"line":15,"column":14}},"loc":{"start":{"line":15,"column":27},"end":{"line":21,"column":1}},"line":15},"1":{"name":"(anonymous_1)","decl":{"start":{"line":24,"column":19},"end":{"line":24,"column":20}},"loc":{"start":{"line":24,"column":33},"end":{"line":30,"column":1}},"line":24},"2":{"name":"(anonymous_2)","decl":{"start":{"line":33,"column":18},"end":{"line":33,"column":19}},"loc":{"start":{"line":33,"column":32},"end":{"line":38,"column":1}},"line":33},"3":{"name":"(anonymous_3)","decl":{"start":{"line":41,"column":17},"end":{"line":41,"column":18}},"loc":{"start":{"line":41,"column":31},"end":{"line":50,"column":1}},"line":41},"4":{"name":"(anonymous_4)","decl":{"start":{"line":53,"column":8},"end":{"line":53,"column":9}},"loc":{"start":{"line":53,"column":22},"end":{"line":55,"column":1}},"line":53},"5":{"name":"(anonymous_5)","decl":{"start":{"line":59,"column":19},"end":{"line":59,"column":20}},"loc":{"start":{"line":59,"column":25},"end":{"line":63,"column":3}},"line":59}},"branchMap":{"0":{"loc":{"start":{"line":6,"column":13},"end":{"line":6,"column":37}},"type":"binary-expr","locations":[{"start":{"line":6,"column":13},"end":{"line":6,"column":29}},{"start":{"line":6,"column":33},"end":{"line":6,"column":37}}],"line":6},"1":{"loc":{"start":{"line":7,"column":16},"end":{"line":7,"column":50}},"type":"binary-expr","locations":[{"start":{"line":7,"column":16},"end":{"line":7,"column":39}},{"start":{"line":7,"column":43},"end":{"line":7,"column":50}}],"line":7},"2":{"loc":{"start":{"line":8,"column":12},"end":{"line":8,"column":49}},"type":"binary-expr","locations":[{"start":{"line":8,"column":12},"end":{"line":8,"column":32}},{"start":{"line":8,"column":36},"end":{"line":8,"column":49}}],"line":8},"3":{"loc":{"start":{"line":58,"column":0},"end":{"line":64,"column":1}},"type":"if","locations":[{"start":{"line":58,"column":0},"end":{"line":64,"column":1}},{"start":{},"end":{}}],"line":58}},"s":{"0":1,"1":1,"2":1,"3":1,"4":1,"5":1,"6":1,"7":1,"8":1,"9":1,"10":1,"11":1,"12":1,"13":1,"14":1,"15":1,"16":1,"17":0,"18":0,"19":0,"20":0,"21":1},"f":{"0":1,"1":1,"2":1,"3":1,"4":1,"5":0},"b":{"0":[1,1],"1":[1,1],"2":[1,0],"3":[0,1]},"_coverageSchema":"1a1c01bbd47fc00a2c39e90264f33305004495a9","hash":"a09a3a7665b834596dff0879b2d34984a4e1e0a4"}
}
